<?xml version="1.0" encoding="UTF-8"?>
<testng-results ignored="0" total="1" passed="1" failed="0" skipped="0">
  <reporter-output>
  </reporter-output>
  <suite started-at="2025-08-21T16:50:31 IST" name="Default suite" finished-at="2025-08-21T16:50:37 IST" duration-ms="6254">
    <groups>
    </groups>
    <test started-at="2025-08-21T16:50:31 IST" name="Default test" finished-at="2025-08-21T16:50:37 IST" duration-ms="6254">
      <class name="automationCore.LoginTest">
        <test-method is-config="true" signature="initializeBrowser()[pri:0, instance:automationCore.LoginTest@6a78afa0]" started-at="2025-08-21T16:50:31 IST" name="initializeBrowser" finished-at="2025-08-21T16:50:37 IST" duration-ms="5797" status="PASS">
          <reporter-output>
          </reporter-output>
        </test-method> <!-- initializeBrowser -->
        <test-method signature="verifyIncorrectUserIncorrectPassword()[pri:0, instance:automationCore.LoginTest@6a78afa0]" started-at="2025-08-21T16:50:37 IST" name="verifyIncorrectUserIncorrectPassword" finished-at="2025-08-21T16:50:37 IST" duration-ms="388" status="PASS">
          <reporter-output>
          </reporter-output>
        </test-method> <!-- verifyIncorrectUserIncorrectPassword -->
      </class> <!-- automationCore.LoginTest -->
    </test> <!-- Default test -->
  </suite> <!-- Default suite -->
</testng-results>
