<?xml version="1.0" encoding="UTF-8"?>
<testng-results ignored="0" total="4" passed="4" failed="0" skipped="0">
  <reporter-output>
  </reporter-output>
  <suite started-at="2025-08-25T18:28:12 IST" name="Default suite" finished-at="2025-08-25T18:28:34 IST" duration-ms="21934">
    <groups>
    </groups>
    <test started-at="2025-08-25T18:28:12 IST" name="Default test" finished-at="2025-08-25T18:28:34 IST" duration-ms="21934">
      <class name="automationCore.LoginTest">
        <test-method is-config="true" signature="initializeBrowser()[pri:0, instance:automationCore.LoginTest@3eb738bb]" started-at="2025-08-25T18:28:12 IST" name="initializeBrowser" finished-at="2025-08-25T18:28:17 IST" duration-ms="4516" status="PASS">
          <reporter-output>
          </reporter-output>
        </test-method> <!-- initializeBrowser -->
        <test-method signature="verifyCorrectUserInvalidPassword()[pri:0, instance:automationCore.LoginTest@3eb738bb]" started-at="2025-08-25T18:28:17 IST" name="verifyCorrectUserInvalidPassword" finished-at="2025-08-25T18:28:18 IST" duration-ms="1777" status="PASS">
          <reporter-output>
          </reporter-output>
        </test-method> <!-- verifyCorrectUserInvalidPassword -->
        <test-method is-config="true" signature="initializeBrowser()[pri:0, instance:automationCore.LoginTest@3eb738bb]" started-at="2025-08-25T18:28:18 IST" name="initializeBrowser" finished-at="2025-08-25T18:28:23 IST" duration-ms="4355" status="PASS">
          <reporter-output>
          </reporter-output>
        </test-method> <!-- initializeBrowser -->
        <test-method signature="verifyIncorrectUsenamerwithValidPassword()[pri:0, instance:automationCore.LoginTest@3eb738bb]" started-at="2025-08-25T18:28:23 IST" name="verifyIncorrectUsenamerwithValidPassword" finished-at="2025-08-25T18:28:24 IST" duration-ms="666" status="PASS">
          <reporter-output>
          </reporter-output>
        </test-method> <!-- verifyIncorrectUsenamerwithValidPassword -->
        <test-method is-config="true" signature="initializeBrowser()[pri:0, instance:automationCore.LoginTest@3eb738bb]" started-at="2025-08-25T18:28:24 IST" name="initializeBrowser" finished-at="2025-08-25T18:28:27 IST" duration-ms="3497" status="PASS">
          <reporter-output>
          </reporter-output>
        </test-method> <!-- initializeBrowser -->
        <test-method signature="verifyIncorrectUserIncorrectPassword()[pri:0, instance:automationCore.LoginTest@3eb738bb]" started-at="2025-08-25T18:28:27 IST" name="verifyIncorrectUserIncorrectPassword" finished-at="2025-08-25T18:28:28 IST" duration-ms="627" status="PASS">
          <reporter-output>
          </reporter-output>
        </test-method> <!-- verifyIncorrectUserIncorrectPassword -->
        <test-method is-config="true" signature="initializeBrowser()[pri:0, instance:automationCore.LoginTest@3eb738bb]" started-at="2025-08-25T18:28:28 IST" name="initializeBrowser" finished-at="2025-08-25T18:28:31 IST" duration-ms="3230" status="PASS">
          <reporter-output>
          </reporter-output>
        </test-method> <!-- initializeBrowser -->
        <test-method signature="verifyUserLoginWithValidCredential()[pri:0, instance:automationCore.LoginTest@3eb738bb]" started-at="2025-08-25T18:28:31 IST" name="verifyUserLoginWithValidCredential" finished-at="2025-08-25T18:28:34 IST" duration-ms="3163" status="PASS">
          <reporter-output>
          </reporter-output>
        </test-method> <!-- verifyUserLoginWithValidCredential -->
      </class> <!-- automationCore.LoginTest -->
    </test> <!-- Default test -->
  </suite> <!-- Default suite -->
</testng-results>
