<?xml version="1.0" encoding="UTF-8"?>
<!-- Generated by org.testng.reporters.JUnitXMLReporter -->
<testsuite ignored="0" hostname="DESKTOP-UP2Q5NF" failures="0" tests="4" name="Default test" time="21.934" errors="0" timestamp="2025-08-25T18:28:34 IST">
  <testcase classname="automationCore.LoginTest" name="verifyCorrectUserInvalidPassword" time="1.777"/>
  <testcase classname="automationCore.LoginTest" name="verifyIncorrectUsenamerwithValidPassword" time="0.666"/>
  <testcase classname="automationCore.LoginTest" name="verifyIncorrectUserIncorrectPassword" time="0.627"/>
  <testcase classname="automationCore.LoginTest" name="verifyUserLoginWithValidCredential" time="3.163"/>
</testsuite> <!-- Default test -->
