<?xml version="1.0" encoding="UTF-8"?>
<!-- Generated by org.testng.reporters.JUnitXMLReporter -->
<testsuite ignored="3" hostname="DESKTOP-UP2Q5NF" failures="0" tests="1" name="Default test" time="11.706" errors="0" timestamp="2025-08-24T11:10:39 IST">
  <testcase classname="automationCore.LoginTest" name="verifyUserLoginWithValidCredential" time="3.869"/>
  <testcase classname="automationCore.LoginTest" name="verifyIncorrectUserIncorrectPassword" time="0.0">
    <ignored/>
  </testcase> <!-- verifyIncorrectUserIncorrectPassword -->
  <testcase classname="automationCore.LoginTest" name="verifyIncorrectUsenamerwithValidPassword" time="0.0">
    <ignored/>
  </testcase> <!-- verifyIncorrectUsenamerwithValidPassword -->
  <testcase classname="automationCore.LoginTest" name="verifyCorrectUserInvalidPassword" time="0.0">
    <ignored/>
  </testcase> <!-- verifyCorrectUserInvalidPassword -->
</testsuite> <!-- Default test -->
